Start testing: Sep 01 17:33 CEST
----------------------------------------------------------
1/1 Testing: orderbook_tests
1/1 Test: orderbook_tests
Command: "/home/leo_taha/taha_arc_cpp/build/orderbook_tests"
Directory: /home/leo_taha/taha_arc_cpp/build
"orderbook_tests" start time: Sep 01 17:33 CEST
Output:
----------------------------------------------------------
All orderbook tests passed.
<end of output>
Test time =   0.07 sec
----------------------------------------------------------
Test Passed.
"orderbook_tests" end time: Sep 01 17:33 CEST
"orderbook_tests" time elapsed: 00:00:00
----------------------------------------------------------

End testing: Sep 01 17:33 CEST
